{"block_number": 1, "miner_hash": "0x698f7EDfEBecb28871286Ec9ea479bCa5D1add20", "block_hash": "0x9e10bad66f450563ea74af0b724978341ce9e82308ae1746cb36c27941fdcc35", "block_time": 1702492375, "block_parent": "0x15e88972ab59a57e2de1cfa13d19971ef85041f8f92aa4af737f476d0cfbdc3a"}
{"block_number": 3, "miner_hash": "0x5E553997Cf8c09a5caA2690fe56E01301a8878b3", "block_hash": "0x9f9ce29e3654c35a65b97d8334637156a5e54c95ff2b9e7bcd41bee05024e1de", "block_time": 1702492393, "block_parent": "0x6a3478cb626f200b45e789a305e84638ea99f3037143639f79afa1486946ecc9"}
{"block_number": 4, "miner_hash": "0x18254051A82Db4ed7B128C4AF315EBc68b45CdC0", "block_hash": "0x1c1adbb0f4227796a7cb7cf1e56df740609809f38c1ea6cc386a7453f0f24390", "block_time": 1702492402, "block_parent": "0x9f9ce29e3654c35a65b97d8334637156a5e54c95ff2b9e7bcd41bee05024e1de"}
{"block_number": 6, "miner_hash": "0x698f7EDfEBecb28871286Ec9ea479bCa5D1add20", "block_hash": "0xafbfce7cf5c2e5624222516964e163d12170b70980c25ed911a2b58d8cf9f80d", "block_time": 1702492410, "block_parent": "0xe46991137c333af4b59c47f8040e9fcfe40479a6895c5ef727103b5729f18d14"}
{"block_number": 7, "miner_hash": "0x698f7EDfEBecb28871286Ec9ea479bCa5D1add20", "block_hash": "0x7fe3314155ee54dbf4e154253ed933e128fc90a50e2d39a105bf6a011075db9a", "block_time": 1702492412, "block_parent": "0xafbfce7cf5c2e5624222516964e163d12170b70980c25ed911a2b58d8cf9f80d"}
{"block_number": 8, "miner_hash": "0x18254051A82Db4ed7B128C4AF315EBc68b45CdC0", "block_hash": "0xc25bf7d12832b21286a8d804271de825834ad775dcddaeb2c57bbd1daf69d780", "block_time": 1702492418, "block_parent": "0x7fe3314155ee54dbf4e154253ed933e128fc90a50e2d39a105bf6a011075db9a"}
{"block_number": 9, "miner_hash": "0x18254051A82Db4ed7B128C4AF315EBc68b45CdC0", "block_hash": "0xf2687f3f6f11d6cac23f4b3e2e401a1b1114260ad2fd5d0807c60818b6425031", "block_time": 1702492422, "block_parent": "0xc25bf7d12832b21286a8d804271de825834ad775dcddaeb2c57bbd1daf69d780"}
{"block_number": 10, "miner_hash": "0x9C98eb381cF2d64C267Bb293B79cF3Cd7a73CC9A", "block_hash": "0x7a4ded05022632bfa9aa7d98ec20b0c5c0f6f3769e769baafd21c2062bbae885", "block_time": 1702492425, "block_parent": "0x36c0e28f13dfddbb0fde18279ab1b9375c09fcb5baa112dc040d558d5555971a"}
{"block_number": 11, "miner_hash": "0x9C98eb381cF2d64C267Bb293B79cF3Cd7a73CC9A", "block_hash": "0xd14166d0d284d3525e6e1c17dd8bb08ebb49af7e52d10e96046d49c1b2d7cd79", "block_time": 1702492430, "block_parent": "0x7a4ded05022632bfa9aa7d98ec20b0c5c0f6f3769e769baafd21c2062bbae885"}
{"block_number": 12, "miner_hash": "0x9C98eb381cF2d64C267Bb293B79cF3Cd7a73CC9A", "block_hash": "0x67e344988b0ac45ba8c0ea59d9a30bc5bb68e491d05a4f1e3c05625382531d5c", "block_time": 1702492432, "block_parent": "0xd14166d0d284d3525e6e1c17dd8bb08ebb49af7e52d10e96046d49c1b2d7cd79"}
{"block_number": 16, "miner_hash": "0x698f7EDfEBecb28871286Ec9ea479bCa5D1add20", "block_hash": "0x5d04c7f0c7f97af8fb629a28672317cd559f69bc7f51b4b872b4108c2fc3c165", "block_time": 1702492439, "block_parent": "0x2c744d2c8ccb7a98b7dedb564aa771b5a6dc2d0df29b951f499ec2ed44b486c1"}
{"block_number": 18, "miner_hash": "0xedbb6181D1c788B10c21562844E063796c42bCa0", "block_hash": "0xced6ea6813aa556534eec20370cb7673674e3bff2e17b84418575b179dfd8c62", "block_time": 1702492446, "block_parent": "0xc5ff90480d2e6e62096fcc6af77692055990303682a76982b79b657df469c1c9"}
{"block_number": 19, "miner_hash": "0x698f7EDfEBecb28871286Ec9ea479bCa5D1add20", "block_hash": "0xcf4176621d3a8de1f51e1fb915327f3ec0c9e5416fc8ecee8b174a4a9003a5ba", "block_time": 1702492447, "block_parent": "0xced6ea6813aa556534eec20370cb7673674e3bff2e17b84418575b179dfd8c62"}
{"block_number": 20, "miner_hash": "0x18254051A82Db4ed7B128C4AF315EBc68b45CdC0", "block_hash": "0xab0f25a146d4384bff13d73b1ac1d3862ed0b8b0e158229ec8824c882fa3cf28", "block_time": 1702492449, "block_parent": "0xcf4176621d3a8de1f51e1fb915327f3ec0c9e5416fc8ecee8b174a4a9003a5ba"}
{"block_number": 21, "miner_hash": "0x18254051A82Db4ed7B128C4AF315EBc68b45CdC0", "block_hash": "0xa9c06eab64dc03748d94cc264d43dff94236875fee6353ce2e337530872de765", "block_time": 1702492450, "block_parent": "0xab0f25a146d4384bff13d73b1ac1d3862ed0b8b0e158229ec8824c882fa3cf28"}
{"block_number": 22, "miner_hash": "0x9C98eb381cF2d64C267Bb293B79cF3Cd7a73CC9A", "block_hash": "0xe31258da2667b9b3d80dc5b9aa3efbaec6c3d3f6310cd9408bfd7bd1842a541d", "block_time": 1702492451, "block_parent": "0xa9c06eab64dc03748d94cc264d43dff94236875fee6353ce2e337530872de765"}
{"block_number": 23, "miner_hash": "0x5E553997Cf8c09a5caA2690fe56E01301a8878b3", "block_hash": "0xb9fa2cf618186ee3107c72fd1642562831d0e3047d2f5abb4885326f586a3623", "block_time": 1702492452, "block_parent": "0xe31258da2667b9b3d80dc5b9aa3efbaec6c3d3f6310cd9408bfd7bd1842a541d"}
{"block_number": 24, "miner_hash": "0x698f7EDfEBecb28871286Ec9ea479bCa5D1add20", "block_hash": "0x12f15b6fda258d328625f8581c388a36353fb297962c44aae31548ee0be297ec", "block_time": 1702492453, "block_parent": "0xb9fa2cf618186ee3107c72fd1642562831d0e3047d2f5abb4885326f586a3623"}
{"block_number": 25, "miner_hash": "0x5E553997Cf8c09a5caA2690fe56E01301a8878b3", "block_hash": "0xb1e692b898b8d737ebc69ecb20b55df7a4773d0a9c9929aa99d7c7a879da9e71", "block_time": 1702492456, "block_parent": "0x12f15b6fda258d328625f8581c388a36353fb297962c44aae31548ee0be297ec"}
{"block_number": 26, "miner_hash": "0x5E553997Cf8c09a5caA2690fe56E01301a8878b3", "block_hash": "0x73262475570508d9c861fcdfcea40d08c5a723992c2d1f55e44c6310a35938ae", "block_time": 1702492457, "block_parent": "0xb1e692b898b8d737ebc69ecb20b55df7a4773d0a9c9929aa99d7c7a879da9e71"}
{"block_number": 27, "miner_hash": "0xedbb6181D1c788B10c21562844E063796c42bCa0", "block_hash": "0x5442943e65c5ffecc6e7b8566e5571d7fa9950f768000f946985b4d62144e514", "block_time": 1702492458, "block_parent": "0x73262475570508d9c861fcdfcea40d08c5a723992c2d1f55e44c6310a35938ae"}
{"block_number": 28, "miner_hash": "0x18254051A82Db4ed7B128C4AF315EBc68b45CdC0", "block_hash": "0x329f5c8ac4f5b1c953d7f7f6b713e45eb35d451435e7c90a52d3c46ef9ae3ccf", "block_time": 1702492459, "block_parent": "0x5442943e65c5ffecc6e7b8566e5571d7fa9950f768000f946985b4d62144e514"}
{"block_number": 29, "miner_hash": "0x9C98eb381cF2d64C267Bb293B79cF3Cd7a73CC9A", "block_hash": "0xa5bedf90eafe0286079c9a8bcb3890aa3668f6b65922652033984bba990de278", "block_time": 1702492460, "block_parent": "0x329f5c8ac4f5b1c953d7f7f6b713e45eb35d451435e7c90a52d3c46ef9ae3ccf"}
{"block_number": 30, "miner_hash": "0x698f7EDfEBecb28871286Ec9ea479bCa5D1add20", "block_hash": "0x81f03dafcc581728ae3432aa1794b60307386ca16404b3a6746a9d3cf77c532e", "block_time": 1702492462, "block_parent": "0xa5bedf90eafe0286079c9a8bcb3890aa3668f6b65922652033984bba990de278"}
{"block_number": 31, "miner_hash": "0x698f7EDfEBecb28871286Ec9ea479bCa5D1add20", "block_hash": "0xa47de97995bb31358e2f9e02690826b8d14c789f1b7c5be0aee1f9f581283329", "block_time": 1702492463, "block_parent": "0x81f03dafcc581728ae3432aa1794b60307386ca16404b3a6746a9d3cf77c532e"}
{"block_number": 32, "miner_hash": "0xEdc5d0936e9B1b91817589cfF98C1752Ef8Ce2aB", "block_hash": "0x5728e27071f1c30ff31fca8edddaf2018ddfa16395efc09650bc3f9d5b7e4f13", "block_time": 1702492464, "block_parent": "0xa47de97995bb31358e2f9e02690826b8d14c789f1b7c5be0aee1f9f581283329"}
{"block_number": 33, "miner_hash": "0x18254051A82Db4ed7B128C4AF315EBc68b45CdC0", "block_hash": "0xb0e364088e174c5c1ad51fe1d08afe1bb856be96f8dde52eb6719994bb14bd32", "block_time": 1702492465, "block_parent": "0x5728e27071f1c30ff31fca8edddaf2018ddfa16395efc09650bc3f9d5b7e4f13"}
{"block_number": 34, "miner_hash": "0x18254051A82Db4ed7B128C4AF315EBc68b45CdC0", "block_hash": "0x19dd69af1bc2c46e3409c0c46d33f9bae293fe17a1882a94635ff8c9805eb58f", "block_time": 1702492466, "block_parent": "0xb0e364088e174c5c1ad51fe1d08afe1bb856be96f8dde52eb6719994bb14bd32"}
{"block_number": 35, "miner_hash": "0x698f7EDfEBecb28871286Ec9ea479bCa5D1add20", "block_hash": "0x63dc66edb30fd61dcbfeed917b1510739e58a0e42a3c540afa439f0f1c8360e0", "block_time": 1702492467, "block_parent": "0x19dd69af1bc2c46e3409c0c46d33f9bae293fe17a1882a94635ff8c9805eb58f"}
{"block_number": 35, "miner_hash": "0xEdc5d0936e9B1b91817589cfF98C1752Ef8Ce2aB", "block_hash": "0x88fdc77d435d6f159a1601229f7a23e79e2a1f2e3394470f93450e1a7fa65fea", "block_time": 1702492467, "block_parent": "0x19dd69af1bc2c46e3409c0c46d33f9bae293fe17a1882a94635ff8c9805eb58f"}
{"block_number": 36, "miner_hash": "0x9C98eb381cF2d64C267Bb293B79cF3Cd7a73CC9A", "block_hash": "0x9e4e16e5fe06d29cc7c6e002de03314767a93254fedd3f8811d4102b25175934", "block_time": 1702492468, "block_parent": "0xa38f0277037f4a87fe935807d6cd81d2093764a17a6e50b24fa24478e62d22a6"}
{"block_number": 37, "miner_hash": "0x18254051A82Db4ed7B128C4AF315EBc68b45CdC0", "block_hash": "0xcc3ba529f6c7d7a5f1d2e6db128eb03f9dc23eae1e3c1fea6fc6de20f0b67abf", "block_time": 1702492469, "block_parent": "0x9e4e16e5fe06d29cc7c6e002de03314767a93254fedd3f8811d4102b25175934"}
{"block_number": 38, "miner_hash": "0x698f7EDfEBecb28871286Ec9ea479bCa5D1add20", "block_hash": "0xdcac261595ebec8a44f92718dfb429dd55660be12bcf5926d2f6043610c396f3", "block_time": 1702492471, "block_parent": "0xcc3ba529f6c7d7a5f1d2e6db128eb03f9dc23eae1e3c1fea6fc6de20f0b67abf"}
{"block_number": 39, "miner_hash": "0x698f7EDfEBecb28871286Ec9ea479bCa5D1add20", "block_hash": "0x9aac047b6396a048678add72b3f3c89ff3480bb23389125452199071e2128c32", "block_time": 1702492473, "block_parent": "0xdcac261595ebec8a44f92718dfb429dd55660be12bcf5926d2f6043610c396f3"}
{"block_number": 41, "miner_hash": "0x698f7EDfEBecb28871286Ec9ea479bCa5D1add20", "block_hash": "0x2ed99304d99954112cdc128ec22990336f763ea94b1f81e35cbaa0459789f1f6", "block_time": 1702492476, "block_parent": "0x0cbf4cbdd6138a1b9c06969239a3a058be915e15d482c6cb031f4375a1d46ba4"}
{"block_number": 41, "miner_hash": "0x698f7EDfEBecb28871286Ec9ea479bCa5D1add20", "block_hash": "0x2ed99304d99954112cdc128ec22990336f763ea94b1f81e35cbaa0459789f1f6", "block_time": 1702492476, "block_parent": "0x0cbf4cbdd6138a1b9c06969239a3a058be915e15d482c6cb031f4375a1d46ba4"}
{"block_number": 42, "miner_hash": "0x698f7EDfEBecb28871286Ec9ea479bCa5D1add20", "block_hash": "0xdcb2524633ff998a4ae63d1e75a3d3468ee54994dc43bfd2fb5c2d587d6861ae", "block_time": 1702492477, "block_parent": "0x2ed99304d99954112cdc128ec22990336f763ea94b1f81e35cbaa0459789f1f6"}
{"block_number": 43, "miner_hash": "0x698f7EDfEBecb28871286Ec9ea479bCa5D1add20", "block_hash": "0xa8752e74d0c64fffc7f2e9be446bb2c6bc5c423303b306f906e816c175165599", "block_time": 1702492478, "block_parent": "0xdcb2524633ff998a4ae63d1e75a3d3468ee54994dc43bfd2fb5c2d587d6861ae"}
{"block_number": 47, "miner_hash": "0x9C98eb381cF2d64C267Bb293B79cF3Cd7a73CC9A", "block_hash": "0xbcfb287a096fabf716cd068f159d9d7d600cd9e6a2e42218fed6d11932700c49", "block_time": 1702492482, "block_parent": "0xfd6ba3adc1e7e860a8f59569a777daf717744d0bd6375a01c23583601e6ca8fb"}
