{"block_number": 8, "miner_hash": "0x6b43D266ff8388f29CE5fF108cD6F27c99778363", "block_hash": "0x16491b6a911ceecd61b11310ed186937399e22c388c3858d95f7ab506acc0ede", "block_time": 1702494221, "block_parent": "0x122052e0d76ef25b0bdb30e092da98569d09998b0808919f82b8cfd2d26b153c"}
{"block_number": 9, "miner_hash": "0x3a694C55bC224c3300E008742EF0b4307f9BaB1F", "block_hash": "0xdc252dd2c8a35b7d44bcc8081794f06231e7b4cb1c15070aa660d88cd8916315", "block_time": 1702494231, "block_parent": "0x16491b6a911ceecd61b11310ed186937399e22c388c3858d95f7ab506acc0ede"}
{"block_number": 10, "miner_hash": "0x3a694C55bC224c3300E008742EF0b4307f9BaB1F", "block_hash": "0xe95c1a874f9784ffee9cfec2c3e933617b67ec0d93c8a27bde5c977cd613f58a", "block_time": 1702494232, "block_parent": "0xdc252dd2c8a35b7d44bcc8081794f06231e7b4cb1c15070aa660d88cd8916315"}
{"block_number": 11, "miner_hash": "0x3a694C55bC224c3300E008742EF0b4307f9BaB1F", "block_hash": "0x3ffe64dd87ac5c688737bbe028b32a9306b44b0ecda444887c4be5b5eb998e0c", "block_time": 1702494240, "block_parent": "0xe95c1a874f9784ffee9cfec2c3e933617b67ec0d93c8a27bde5c977cd613f58a"}
{"block_number": 12, "miner_hash": "0x3a694C55bC224c3300E008742EF0b4307f9BaB1F", "block_hash": "0x3cd9e0abe89a508fd6a404c70471bb56e329e27f37f8f1a925120e04e1b584ce", "block_time": 1702494241, "block_parent": "0x3ffe64dd87ac5c688737bbe028b32a9306b44b0ecda444887c4be5b5eb998e0c"}
{"block_number": 13, "miner_hash": "0x3a694C55bC224c3300E008742EF0b4307f9BaB1F", "block_hash": "0x85caed67a0b12ef111743d1c116066074f50052548ea878420253db4db0c928c", "block_time": 1702494243, "block_parent": "0x3cd9e0abe89a508fd6a404c70471bb56e329e27f37f8f1a925120e04e1b584ce"}
{"block_number": 14, "miner_hash": "0x3a694C55bC224c3300E008742EF0b4307f9BaB1F", "block_hash": "0xd0c5e3fda118e04521cab23c7e601a4e021a986e16ec2a0ca7bebe02d93b4b94", "block_time": 1702494249, "block_parent": "0x85caed67a0b12ef111743d1c116066074f50052548ea878420253db4db0c928c"}
{"block_number": 15, "miner_hash": "0x373D1BA44FE3CF0Bb618AA2F1F8BFCb7Fdf42003", "block_hash": "0xc1b457db6a08a2e68fdbdaea4b3a3a465806c7367d909e757e62972b4cfb1a0a", "block_time": 1702494251, "block_parent": "0xd0c5e3fda118e04521cab23c7e601a4e021a986e16ec2a0ca7bebe02d93b4b94"}
{"block_number": 16, "miner_hash": "0xf80670Ea708C96f400afD20b595Da1C2A777473e", "block_hash": "0xbe03e9622e4f7cf21bffff84423bbb6588f77332e61c609cf7b39fede8f2c4fe", "block_time": 1702494252, "block_parent": "0xc1b457db6a08a2e68fdbdaea4b3a3a465806c7367d909e757e62972b4cfb1a0a"}
{"block_number": 17, "miner_hash": "0x373D1BA44FE3CF0Bb618AA2F1F8BFCb7Fdf42003", "block_hash": "0x70b3d4c612b175ca637fdd0ae4739b91f4d8f192e5bd96e7226798641fc3c899", "block_time": 1702494259, "block_parent": "0xbe03e9622e4f7cf21bffff84423bbb6588f77332e61c609cf7b39fede8f2c4fe"}
{"block_number": 18, "miner_hash": "0x3a694C55bC224c3300E008742EF0b4307f9BaB1F", "block_hash": "0x2168af847ee8c7387d9ff3105330937f098e61ff9c3a48906ddefd1a34e51e5c", "block_time": 1702494261, "block_parent": "0x70b3d4c612b175ca637fdd0ae4739b91f4d8f192e5bd96e7226798641fc3c899"}
{"block_number": 19, "miner_hash": "0x373D1BA44FE3CF0Bb618AA2F1F8BFCb7Fdf42003", "block_hash": "0x58e27c9254ecac0a4e59f658396667b26874c466524b2e7c83ca6c34f19da70f", "block_time": 1702494262, "block_parent": "0x2168af847ee8c7387d9ff3105330937f098e61ff9c3a48906ddefd1a34e51e5c"}
{"block_number": 20, "miner_hash": "0x6b43D266ff8388f29CE5fF108cD6F27c99778363", "block_hash": "0x5271aea4972748fc67eaba7d121f37adc7ff1ebcd98148e00a870c8615097769", "block_time": 1702494263, "block_parent": "0x58e27c9254ecac0a4e59f658396667b26874c466524b2e7c83ca6c34f19da70f"}
{"block_number": 21, "miner_hash": "0x373D1BA44FE3CF0Bb618AA2F1F8BFCb7Fdf42003", "block_hash": "0xf7042381bb6da725eaa78c57bb192f1902432f5f7c9b4a2b22144bd4028fc95a", "block_time": 1702494268, "block_parent": "0x5271aea4972748fc67eaba7d121f37adc7ff1ebcd98148e00a870c8615097769"}
{"block_number": 22, "miner_hash": "0x373D1BA44FE3CF0Bb618AA2F1F8BFCb7Fdf42003", "block_hash": "0xb3dffdda4e8e982a34dc2904886612eb777a6488b2426da0f22bcd09eae8683d", "block_time": 1702494269, "block_parent": "0xf7042381bb6da725eaa78c57bb192f1902432f5f7c9b4a2b22144bd4028fc95a"}
{"block_number": 23, "miner_hash": "0x373D1BA44FE3CF0Bb618AA2F1F8BFCb7Fdf42003", "block_hash": "0x05e1d79af1ebe000d9876167b46c88066283e6275477318b0f8171aaa9f9227a", "block_time": 1702494270, "block_parent": "0xb3dffdda4e8e982a34dc2904886612eb777a6488b2426da0f22bcd09eae8683d"}
{"block_number": 24, "miner_hash": "0x373D1BA44FE3CF0Bb618AA2F1F8BFCb7Fdf42003", "block_hash": "0x246338e16a2bb0595e1dfe6538f5b1f2543149b9ad78b9eab635f776c332d52d", "block_time": 1702494271, "block_parent": "0x05e1d79af1ebe000d9876167b46c88066283e6275477318b0f8171aaa9f9227a"}
{"block_number": 25, "miner_hash": "0x6b43D266ff8388f29CE5fF108cD6F27c99778363", "block_hash": "0xb453423e5a470b607197bfbd295d64dff8f75d4b7cd09cda3680780560830203", "block_time": 1702494272, "block_parent": "0x246338e16a2bb0595e1dfe6538f5b1f2543149b9ad78b9eab635f776c332d52d"}
{"block_number": 26, "miner_hash": "0xf80670Ea708C96f400afD20b595Da1C2A777473e", "block_hash": "0x50a35da93d5194d6590f266afce002cc30410c04926f74499b72f9e8b9497d79", "block_time": 1702494274, "block_parent": "0xb453423e5a470b607197bfbd295d64dff8f75d4b7cd09cda3680780560830203"}
{"block_number": 27, "miner_hash": "0x373D1BA44FE3CF0Bb618AA2F1F8BFCb7Fdf42003", "block_hash": "0xb88811f8396805f6c45f090a22d06deae31545b9216a939f53f1034da108d917", "block_time": 1702494276, "block_parent": "0x50a35da93d5194d6590f266afce002cc30410c04926f74499b72f9e8b9497d79"}
{"block_number": 28, "miner_hash": "0x2542BCE77394e25524576163236CBA755b82cc31", "block_hash": "0xf251145f81ad17ace9a18583a0b8be509e9435c5efd4a462bf63c97f9c519832", "block_time": 1702494277, "block_parent": "0xb88811f8396805f6c45f090a22d06deae31545b9216a939f53f1034da108d917"}
{"block_number": 29, "miner_hash": "0x3a694C55bC224c3300E008742EF0b4307f9BaB1F", "block_hash": "0x2776f831062f3b9a9e2634c08caf870090d803730ddcf042188975e28ddded58", "block_time": 1702494278, "block_parent": "0xf251145f81ad17ace9a18583a0b8be509e9435c5efd4a462bf63c97f9c519832"}
{"block_number": 30, "miner_hash": "0x373D1BA44FE3CF0Bb618AA2F1F8BFCb7Fdf42003", "block_hash": "0x966afa05e6a5e3134579e40e42cffce688216279272f48375667fb70b62ed1cd", "block_time": 1702494283, "block_parent": "0xde59dca83b7ebec19db681ec57a57ab0fee11cbf3101388da46abc3e413c13d3"}
{"block_number": 30, "miner_hash": "0xf80670Ea708C96f400afD20b595Da1C2A777473e", "block_hash": "0x1686e3b75a29fa07d4393d11aaef97059bd4d2e2359cc403a4424fcbec1df78a", "block_time": 1702494281, "block_parent": "0x2776f831062f3b9a9e2634c08caf870090d803730ddcf042188975e28ddded58"}
{"block_number": 31, "miner_hash": "0x373D1BA44FE3CF0Bb618AA2F1F8BFCb7Fdf42003", "block_hash": "0x4c450ac28ef5b8798e525e9730c2b9bf8b082b2bd01a15567542f3ab438e58e8", "block_time": 1702494285, "block_parent": "0x966afa05e6a5e3134579e40e42cffce688216279272f48375667fb70b62ed1cd"}
{"block_number": 32, "miner_hash": "0x373D1BA44FE3CF0Bb618AA2F1F8BFCb7Fdf42003", "block_hash": "0xe5ffcc2c18077c12535ef952bf1988e658bc05e085aefb6def56ed9217e450ea", "block_time": 1702494286, "block_parent": "0x4c450ac28ef5b8798e525e9730c2b9bf8b082b2bd01a15567542f3ab438e58e8"}
{"block_number": 33, "miner_hash": "0x373D1BA44FE3CF0Bb618AA2F1F8BFCb7Fdf42003", "block_hash": "0x3ef5e3e374ae0457549c12bcb0b443e2ce201585c41e63891910a89d3db0e135", "block_time": 1702494287, "block_parent": "0xe5ffcc2c18077c12535ef952bf1988e658bc05e085aefb6def56ed9217e450ea"}
{"block_number": 34, "miner_hash": "0x6b43D266ff8388f29CE5fF108cD6F27c99778363", "block_hash": "0x16c0833a37b73aaddcda007443f68e5250a28933da5d050f6213b823e2c30c8c", "block_time": 1702494289, "block_parent": "0x3ef5e3e374ae0457549c12bcb0b443e2ce201585c41e63891910a89d3db0e135"}
{"block_number": 35, "miner_hash": "0xE089611f93973300DDf8B4dc91779D1e262e2360", "block_hash": "0xaf3c54d2408512003c13a08d8902844114634a99da2b5b8733620fe1afdcb04a", "block_time": 1702494290, "block_parent": "0x16c0833a37b73aaddcda007443f68e5250a28933da5d050f6213b823e2c30c8c"}
{"block_number": 36, "miner_hash": "0xcB6850F7a0a3e1cC4aBE2c116bdC8a1b9f1CE035", "block_hash": "0xf8e8c56e60ee79d7a3d1b723a978ee372d80a1b21557b785c424dfe0b67f4d3a", "block_time": 1702494291, "block_parent": "0xaf3c54d2408512003c13a08d8902844114634a99da2b5b8733620fe1afdcb04a"}
{"block_number": 37, "miner_hash": "0xcB6850F7a0a3e1cC4aBE2c116bdC8a1b9f1CE035", "block_hash": "0xff6bd5d4308207e0d04871b8d02d3ab65ed011d49d3022b4df05a4d129e1ad38", "block_time": 1702494292, "block_parent": "0xf8e8c56e60ee79d7a3d1b723a978ee372d80a1b21557b785c424dfe0b67f4d3a"}
{"block_number": 38, "miner_hash": "0x3a694C55bC224c3300E008742EF0b4307f9BaB1F", "block_hash": "0x3151e6e5a872cadb8e9e94c090e9c779286742222cbb0f438139d2ded3e95ae1", "block_time": 1702494293, "block_parent": "0xff6bd5d4308207e0d04871b8d02d3ab65ed011d49d3022b4df05a4d129e1ad38"}
{"block_number": 39, "miner_hash": "0x2542BCE77394e25524576163236CBA755b82cc31", "block_hash": "0x66f10af6fa3bd7a03f2c7d5895523c64bf1b9863868cd92561187b7ec6fdcb1a", "block_time": 1702494294, "block_parent": "0x3151e6e5a872cadb8e9e94c090e9c779286742222cbb0f438139d2ded3e95ae1"}
{"block_number": 40, "miner_hash": "0xf80670Ea708C96f400afD20b595Da1C2A777473e", "block_hash": "0x68df9b5372faf29cd612d0e3997db2010da4536f37833848681cddefcb738291", "block_time": 1702494295, "block_parent": "0x66f10af6fa3bd7a03f2c7d5895523c64bf1b9863868cd92561187b7ec6fdcb1a"}
{"block_number": 41, "miner_hash": "0x2542BCE77394e25524576163236CBA755b82cc31", "block_hash": "0x268e215358bec2ed60572d6f7827e3ee06823fc46658cd28a336a9f1984bcd41", "block_time": 1702494296, "block_parent": "0x68df9b5372faf29cd612d0e3997db2010da4536f37833848681cddefcb738291"}
{"block_number": 42, "miner_hash": "0x2542BCE77394e25524576163236CBA755b82cc31", "block_hash": "0x0eb6be7fda72f63e27d3c75c7d24747d557a8dce9adb08fe769419e6d94592dc", "block_time": 1702494297, "block_parent": "0x268e215358bec2ed60572d6f7827e3ee06823fc46658cd28a336a9f1984bcd41"}
