{"block_number": 1, "miner_hash": "0x2A517e745A7EEAf2dfeD3AF084E2662Be52bB3Fc", "block_hash": "0x8198248d1c564e01edef69fb5196873c27bede6973b8bd7a8ed795392f228242", "block_time": 1702742649, "block_parent": "0xde035408492b2d4be43c56db6bbb219e0dde5cb3cbdd3d1bf2ced753f83bc17b"}
{"block_number": 2, "miner_hash": "0x2A517e745A7EEAf2dfeD3AF084E2662Be52bB3Fc", "block_hash": "0x63bb506e4347eec44d03b59014bdf0c9cc372788a557c85793f195ac256f291d", "block_time": 1702742659, "block_parent": "0x8198248d1c564e01edef69fb5196873c27bede6973b8bd7a8ed795392f228242"}
{"block_number": 3, "miner_hash": "0x2A517e745A7EEAf2dfeD3AF084E2662Be52bB3Fc", "block_hash": "0xaeea1e751355db783d852c1f4e37b988cf48f80de4065639d6ec094c1772ae0b", "block_time": 1702742742, "block_parent": "0x63bb506e4347eec44d03b59014bdf0c9cc372788a557c85793f195ac256f291d"}
{"block_number": 4, "miner_hash": "0x2A517e745A7EEAf2dfeD3AF084E2662Be52bB3Fc", "block_hash": "0xc0df5ae34a2c5cca61b04829409341aa3a3bc749ea1c3c1c1bd30c5237d5ac15", "block_time": 1702742744, "block_parent": "0xaeea1e751355db783d852c1f4e37b988cf48f80de4065639d6ec094c1772ae0b"}
{"block_number": 14, "miner_hash": "0x5fFb270bb3EA50e972e1B43A82c76D3c5C76F105", "block_hash": "0x53544413e27608b93923e22dc568b2a31b2f8938e1ece43a841dad89f43992cd", "block_time": 1702742700, "block_parent": "0xf2ccfc447e3aa153c28e7fd0acdadb0128689c75d186e31407e17f410ab21d03"}
{"block_number": 26, "miner_hash": "0x5fFb270bb3EA50e972e1B43A82c76D3c5C76F105", "block_hash": "0x64bd19664aa03096aefdb9aa905e4b5a8c81bacb79fe99d7a7b41eaf0bce2eea", "block_time": 1702742741, "block_parent": "0xa8547b29acc99329b1df0ca926e63007463763c0aa710da5831f21d9b0e39c8e"}
{"block_number": 26, "miner_hash": "0x5fFb270bb3EA50e972e1B43A82c76D3c5C76F105", "block_hash": "0x64bd19664aa03096aefdb9aa905e4b5a8c81bacb79fe99d7a7b41eaf0bce2eea", "block_time": 1702742741, "block_parent": "0xa8547b29acc99329b1df0ca926e63007463763c0aa710da5831f21d9b0e39c8e"}
{"block_number": 29, "miner_hash": "0x5fFb270bb3EA50e972e1B43A82c76D3c5C76F105", "block_hash": "0x668969ec55c213d7ec02156739db85d4783706ddcb43cc10e523ade52cc7495a", "block_time": 1702742753, "block_parent": "0x242d56d74eab967f626c1f5fe78d3e306182997a812623d2deeae146fa286d47"}
{"block_number": 30, "miner_hash": "0x2A517e745A7EEAf2dfeD3AF084E2662Be52bB3Fc", "block_hash": "0x3b8f2cd1298b36c64e6106640e3bb5aba8ba05c82cc6293770f1125f31e7a94f", "block_time": 1702742755, "block_parent": "0x668969ec55c213d7ec02156739db85d4783706ddcb43cc10e523ade52cc7495a"}
{"block_number": 31, "miner_hash": "0x2A517e745A7EEAf2dfeD3AF084E2662Be52bB3Fc", "block_hash": "0x697e8dc088dea9aedbf926017b98bfb7efb167a03ec7e5134fab9bedf99e8978", "block_time": 1702742768, "block_parent": "0x3b8f2cd1298b36c64e6106640e3bb5aba8ba05c82cc6293770f1125f31e7a94f"}
{"block_number": 32, "miner_hash": "0x1A60B5AE3Fd7e4446af857207b236c425aeeB6d4", "block_hash": "0x741d6af6c8c161177b0c63639b5b593c9255b1bc0c87cd59e8d46c3cfb0079bd", "block_time": 1702742762, "block_parent": "0x38829e30d6a6fd4a274ad3218700dc3915ba44a03f2f0fe9ae7442eed5efb4a8"}
{"block_number": 33, "miner_hash": "0x1A60B5AE3Fd7e4446af857207b236c425aeeB6d4", "block_hash": "0x77140abe71856d389e625a721e4990471d6a99849620234304708431f3b1da33", "block_time": 1702742767, "block_parent": "0x741d6af6c8c161177b0c63639b5b593c9255b1bc0c87cd59e8d46c3cfb0079bd"}
{"block_number": 34, "miner_hash": "0x1A60B5AE3Fd7e4446af857207b236c425aeeB6d4", "block_hash": "0x32af8689c03bbf5fdfc3e9bc1c7785ec4412eb363d38480c6a4a35f0a4edd002", "block_time": 1702742772, "block_parent": "0x77140abe71856d389e625a721e4990471d6a99849620234304708431f3b1da33"}
{"block_number": 35, "miner_hash": "0x2A517e745A7EEAf2dfeD3AF084E2662Be52bB3Fc", "block_hash": "0x9854010d316d097a15599c34d7169bb4dc14ede7cc139948472357ec10bcb0b3", "block_time": 1702742775, "block_parent": "0x32af8689c03bbf5fdfc3e9bc1c7785ec4412eb363d38480c6a4a35f0a4edd002"}
{"block_number": 36, "miner_hash": "0x2A517e745A7EEAf2dfeD3AF084E2662Be52bB3Fc", "block_hash": "0x31d9878ef3874320fe39a040b5211d0f43733fb9975d3cb1ceac6829305739ef", "block_time": 1702742776, "block_parent": "0x9854010d316d097a15599c34d7169bb4dc14ede7cc139948472357ec10bcb0b3"}
{"block_number": 38, "miner_hash": "0x5fFb270bb3EA50e972e1B43A82c76D3c5C76F105", "block_hash": "0xca66acfcc51db12640096a4fd4df8a48fcb9c3e4f3eb5a71dcf20a08c6fd1ac8", "block_time": 1702742790, "block_parent": "0x73f57a26cc36d161613b5dec7d7cd61acf1eaffe75057a31d1baf51548b37f5a"}
{"block_number": 38, "miner_hash": "0x5fFb270bb3EA50e972e1B43A82c76D3c5C76F105", "block_hash": "0xca66acfcc51db12640096a4fd4df8a48fcb9c3e4f3eb5a71dcf20a08c6fd1ac8", "block_time": 1702742790, "block_parent": "0x73f57a26cc36d161613b5dec7d7cd61acf1eaffe75057a31d1baf51548b37f5a"}
{"block_number": 39, "miner_hash": "0x2A517e745A7EEAf2dfeD3AF084E2662Be52bB3Fc", "block_hash": "0x1cb5aa8bd9fc7c5f7d4537fa996ba5b3d35314ac4581e212b333b678976ded37", "block_time": 1702742793, "block_parent": "0xca66acfcc51db12640096a4fd4df8a48fcb9c3e4f3eb5a71dcf20a08c6fd1ac8"}
{"block_number": 40, "miner_hash": "0x5fFb270bb3EA50e972e1B43A82c76D3c5C76F105", "block_hash": "0x0f200f9970c58bff0b05d79456370bd3e26d7fd05e6fa94e55994ea0d9c9ab37", "block_time": 1702742794, "block_parent": "0x1cb5aa8bd9fc7c5f7d4537fa996ba5b3d35314ac4581e212b333b678976ded37"}
{"block_number": 41, "miner_hash": "0x2A517e745A7EEAf2dfeD3AF084E2662Be52bB3Fc", "block_hash": "0x600f2401bbfda71b8603948bdbd3d2bea12c8f2857d0ce35420e2b7eaa91e79d", "block_time": 1702742802, "block_parent": "0x0f200f9970c58bff0b05d79456370bd3e26d7fd05e6fa94e55994ea0d9c9ab37"}
{"block_number": 42, "miner_hash": "0x5fFb270bb3EA50e972e1B43A82c76D3c5C76F105", "block_hash": "0x8e40f11d403e20ebe9ca97e0344340a7e5e7e26c70ac9d9bf6263b7b671ed85b", "block_time": 1702742804, "block_parent": "0x600f2401bbfda71b8603948bdbd3d2bea12c8f2857d0ce35420e2b7eaa91e79d"}
{"block_number": 43, "miner_hash": "0x1A60B5AE3Fd7e4446af857207b236c425aeeB6d4", "block_hash": "0x3d419397497f80d03efe7f505c89ee2ef46f695e3d14418b23bed0360e3e2757", "block_time": 1702742809, "block_parent": "0x8e40f11d403e20ebe9ca97e0344340a7e5e7e26c70ac9d9bf6263b7b671ed85b"}
{"block_number": 44, "miner_hash": "0x2A517e745A7EEAf2dfeD3AF084E2662Be52bB3Fc", "block_hash": "0xe41c981421cf5cd0bbabd2bb71cc700e7efd3ac197162c59ff7b0ba69d9f1e0d", "block_time": 1702742810, "block_parent": "0x3d419397497f80d03efe7f505c89ee2ef46f695e3d14418b23bed0360e3e2757"}
{"block_number": 45, "miner_hash": "0x5fFb270bb3EA50e972e1B43A82c76D3c5C76F105", "block_hash": "0x6e1e3674e5fde33132a7b4278d8bcdbd35238286535871504a8f4603d35ecbfc", "block_time": 1702742811, "block_parent": "0xcf9fdee0ef766751dc73df4c12f6972309ec0edb259fb7ad47644261a9a3925c"}
{"block_number": 46, "miner_hash": "0x2A517e745A7EEAf2dfeD3AF084E2662Be52bB3Fc", "block_hash": "0xbd53a8dc4211209c2b462a04144da27850b208b70602a3f43a7d7842b538b1bf", "block_time": 1702742812, "block_parent": "0x6e1e3674e5fde33132a7b4278d8bcdbd35238286535871504a8f4603d35ecbfc"}
{"block_number": 47, "miner_hash": "0x1A60B5AE3Fd7e4446af857207b236c425aeeB6d4", "block_hash": "0x238bbae08e9d9768c27bda9fbda2990a29899b380bf2fee2e19d99dd4abe6837", "block_time": 1702742813, "block_parent": "0xbd53a8dc4211209c2b462a04144da27850b208b70602a3f43a7d7842b538b1bf"}
{"block_number": 48, "miner_hash": "0x2A517e745A7EEAf2dfeD3AF084E2662Be52bB3Fc", "block_hash": "0x396d00693f015309e527ef30c080fd9c3c50d0408b29d5bc822f937034d19b4a", "block_time": 1702742814, "block_parent": "0x238bbae08e9d9768c27bda9fbda2990a29899b380bf2fee2e19d99dd4abe6837"}
{"block_number": 49, "miner_hash": "0x5fFb270bb3EA50e972e1B43A82c76D3c5C76F105", "block_hash": "0x0d10713f429f54012bb01bae5f86a7ba5d2c91a61ad77709eebec32740bed812", "block_time": 1702742817, "block_parent": "0x396d00693f015309e527ef30c080fd9c3c50d0408b29d5bc822f937034d19b4a"}
{"block_number": 49, "miner_hash": "0x1A60B5AE3Fd7e4446af857207b236c425aeeB6d4", "block_hash": "0x90728ba6d896a8ec89b5de9524c166f861cce80891b6055b04960a55bb813009", "block_time": 1702742817, "block_parent": "0x396d00693f015309e527ef30c080fd9c3c50d0408b29d5bc822f937034d19b4a"}
{"block_number": 50, "miner_hash": "0x1A60B5AE3Fd7e4446af857207b236c425aeeB6d4", "block_hash": "0x5f39f411b42d6c5c619ade03fc4bf4060d88095cbbad8af26dc40ddcbaaf9a65", "block_time": 1702742819, "block_parent": "0x90728ba6d896a8ec89b5de9524c166f861cce80891b6055b04960a55bb813009"}
{"block_number": 51, "miner_hash": "0x2A517e745A7EEAf2dfeD3AF084E2662Be52bB3Fc", "block_hash": "0x9746e5fbd6bddcb17f04aa3f0709202d34c65f45bf29648d0fa326298614fd13", "block_time": 1702742821, "block_parent": "0x5f39f411b42d6c5c619ade03fc4bf4060d88095cbbad8af26dc40ddcbaaf9a65"}
{"block_number": 52, "miner_hash": "0x2A517e745A7EEAf2dfeD3AF084E2662Be52bB3Fc", "block_hash": "0xede462d20f2e3f3a9c79250fafb594525d8f409215783bc5bfcc944889096b76", "block_time": 1702742822, "block_parent": "0x9746e5fbd6bddcb17f04aa3f0709202d34c65f45bf29648d0fa326298614fd13"}
{"block_number": 65, "miner_hash": "0xc27D4D5098e25Da45eB00121404535a3F08a9296", "block_hash": "0xe91b06fba82dcb27d047f150cd245bb16f4e053772f76dc8c4d659a5324a8d02", "block_time": 1702742789, "block_parent": "0xa22f92f49562d4253c3228b26c0a4d9f3669a9bc120c2ef497b0b9e02e90d534"}
{"block_number": 66, "miner_hash": "0xc27D4D5098e25Da45eB00121404535a3F08a9296", "block_hash": "0x9a23114c005e9cd34d34689dabce1f39e72c2f9c1031ee861a925e34da455539", "block_time": 1702742790, "block_parent": "0xe91b06fba82dcb27d047f150cd245bb16f4e053772f76dc8c4d659a5324a8d02"}
{"block_number": 73, "miner_hash": "0x9d35bD38BbDceC62a798cC1cdBAa33398632B806", "block_hash": "0x3ccc89772f5165605c4170fa9c4e8639ddf8c0b69732afaacd328e142e7812fd", "block_time": 1702742801, "block_parent": "0x847d8aadcd0520d3deaa82fadd9521963e91847ff9fd4291d8132fa9dae6203a"}
{"block_number": 81, "miner_hash": "0x1A60B5AE3Fd7e4446af857207b236c425aeeB6d4", "block_hash": "0x4b1740358bcdb4df3ffcd1a09d1ee8f56e63785b86f01e633c3541906095fb8c", "block_time": 1702742823, "block_parent": "0xfdae5d56b0b9bd2d91cefc047a899dfd2c31c9a75ff65277ce340eb01a96f943"}
{"block_number": 81, "miner_hash": "0x1A60B5AE3Fd7e4446af857207b236c425aeeB6d4", "block_hash": "0x4b1740358bcdb4df3ffcd1a09d1ee8f56e63785b86f01e633c3541906095fb8c", "block_time": 1702742823, "block_parent": "0xfdae5d56b0b9bd2d91cefc047a899dfd2c31c9a75ff65277ce340eb01a96f943"}
{"block_number": 82, "miner_hash": "0x2A517e745A7EEAf2dfeD3AF084E2662Be52bB3Fc", "block_hash": "0xbc40df5eb6a653c00a81eb7c69ee8af56628d45a7cf63b233b30ccdd816d0d3e", "block_time": 1702742826, "block_parent": "0x4b1740358bcdb4df3ffcd1a09d1ee8f56e63785b86f01e633c3541906095fb8c"}
{"block_number": 83, "miner_hash": "0x5fFb270bb3EA50e972e1B43A82c76D3c5C76F105", "block_hash": "0x297790186a497c5e2f1cc241c52bc63aa9d548ae10393f760dc57be9f1187c3e", "block_time": 1702742827, "block_parent": "0xbc40df5eb6a653c00a81eb7c69ee8af56628d45a7cf63b233b30ccdd816d0d3e"}
{"block_number": 84, "miner_hash": "0x2A517e745A7EEAf2dfeD3AF084E2662Be52bB3Fc", "block_hash": "0x9c68bd629f71e6ae8ed179f6a1b2aca9de6cc0255dac7ec802e05e2148a85730", "block_time": 1702742831, "block_parent": "0x297790186a497c5e2f1cc241c52bc63aa9d548ae10393f760dc57be9f1187c3e"}
{"block_number": 85, "miner_hash": "0x2A517e745A7EEAf2dfeD3AF084E2662Be52bB3Fc", "block_hash": "0xb72c9084549b2b26bfb5fdb014a36b11c4650400a22590f7c91fc55189eb06ea", "block_time": 1702742833, "block_parent": "0x9c68bd629f71e6ae8ed179f6a1b2aca9de6cc0255dac7ec802e05e2148a85730"}
{"block_number": 86, "miner_hash": "0x5fFb270bb3EA50e972e1B43A82c76D3c5C76F105", "block_hash": "0x3baf1fce766f7f6fbc09d043a60aa749d871ffb6223e6ed93597aaa35e17a525", "block_time": 1702742834, "block_parent": "0xb72c9084549b2b26bfb5fdb014a36b11c4650400a22590f7c91fc55189eb06ea"}
{"block_number": 87, "miner_hash": "0x5fFb270bb3EA50e972e1B43A82c76D3c5C76F105", "block_hash": "0x39e43f70729ba438ce4220dc7b190c0930e642542d59a4ae57d95f4ca5553400", "block_time": 1702742835, "block_parent": "0x3baf1fce766f7f6fbc09d043a60aa749d871ffb6223e6ed93597aaa35e17a525"}
{"block_number": 88, "miner_hash": "0x5fFb270bb3EA50e972e1B43A82c76D3c5C76F105", "block_hash": "0x3fc3c97e2ff9e88151644613157d701fa9f179313f11e12c700ac560c027a773", "block_time": 1702742836, "block_parent": "0x39e43f70729ba438ce4220dc7b190c0930e642542d59a4ae57d95f4ca5553400"}
{"block_number": 89, "miner_hash": "0x1A60B5AE3Fd7e4446af857207b236c425aeeB6d4", "block_hash": "0x48c8cc1489ea2486586f84465dc81bf509c56a12c52337ce8771b66dd2f5fc3c", "block_time": 1702742837, "block_parent": "0x3fc3c97e2ff9e88151644613157d701fa9f179313f11e12c700ac560c027a773"}
{"block_number": 90, "miner_hash": "0x2A517e745A7EEAf2dfeD3AF084E2662Be52bB3Fc", "block_hash": "0x0124fc60bc55823b96634fd942f1200da6610588c1a55403abcd3754f445e71e", "block_time": 1702742838, "block_parent": "0x48c8cc1489ea2486586f84465dc81bf509c56a12c52337ce8771b66dd2f5fc3c"}
{"block_number": 91, "miner_hash": "0x2A517e745A7EEAf2dfeD3AF084E2662Be52bB3Fc", "block_hash": "0xa35a721dde2350d67ad4627f917f128caf676c10d1d53ab0cb2b735d4f5de8ca", "block_time": 1702742839, "block_parent": "0x0124fc60bc55823b96634fd942f1200da6610588c1a55403abcd3754f445e71e"}
{"block_number": 92, "miner_hash": "0x2A517e745A7EEAf2dfeD3AF084E2662Be52bB3Fc", "block_hash": "0xe028efb73178c6e7232836e867cbfb2cc158c72efe6cbaba9ebb45836b9e8b31", "block_time": 1702742840, "block_parent": "0xa35a721dde2350d67ad4627f917f128caf676c10d1d53ab0cb2b735d4f5de8ca"}
{"block_number": 93, "miner_hash": "0x5fFb270bb3EA50e972e1B43A82c76D3c5C76F105", "block_hash": "0xdc477d57ebdf19a68ab3133a45fdf12a7b76da6d9d42074d2bbdb1e3c5e9c58e", "block_time": 1702742843, "block_parent": "0xe028efb73178c6e7232836e867cbfb2cc158c72efe6cbaba9ebb45836b9e8b31"}
{"block_number": 94, "miner_hash": "0x5fFb270bb3EA50e972e1B43A82c76D3c5C76F105", "block_hash": "0x7e5ee2bf13046fd124180dde09c6885c7feca915d45fe6916b97e58cf358fec0", "block_time": 1702742844, "block_parent": "0xdc477d57ebdf19a68ab3133a45fdf12a7b76da6d9d42074d2bbdb1e3c5e9c58e"}
{"block_number": 95, "miner_hash": "0x5fFb270bb3EA50e972e1B43A82c76D3c5C76F105", "block_hash": "0x60056f97a87e3cb20b543e04a7a09ce7095d47267892ecdeacab5f35abeebce5", "block_time": 1702742846, "block_parent": "0x7e5ee2bf13046fd124180dde09c6885c7feca915d45fe6916b97e58cf358fec0"}
{"block_number": 96, "miner_hash": "0x1A60B5AE3Fd7e4446af857207b236c425aeeB6d4", "block_hash": "0xc421fa3aa5c6a33b06f21038153d06089d44628dd0292c8e1e52f867d7c48ae9", "block_time": 1702742849, "block_parent": "0x60056f97a87e3cb20b543e04a7a09ce7095d47267892ecdeacab5f35abeebce5"}
{"block_number": 97, "miner_hash": "0x5fFb270bb3EA50e972e1B43A82c76D3c5C76F105", "block_hash": "0xaa3e1a2850acc37048088a3b9e80b0c09e6d8cc461f5d513d4c485aa6c1fb789", "block_time": 1702742850, "block_parent": "0xc421fa3aa5c6a33b06f21038153d06089d44628dd0292c8e1e52f867d7c48ae9"}
{"block_number": 98, "miner_hash": "0x2A517e745A7EEAf2dfeD3AF084E2662Be52bB3Fc", "block_hash": "0x4f9dfee5f0eea486e9c3afc3b7b6be7fb80949cce1418b6d8c154a2ef26395fb", "block_time": 1702742851, "block_parent": "0xaa3e1a2850acc37048088a3b9e80b0c09e6d8cc461f5d513d4c485aa6c1fb789"}
{"block_number": 99, "miner_hash": "0x1A60B5AE3Fd7e4446af857207b236c425aeeB6d4", "block_hash": "0x82b9a60f3e43939472eae4b4ab8b6ab23200194bbe2e6922789f2eb3cfb3a7b1", "block_time": 1702742852, "block_parent": "0x4f9dfee5f0eea486e9c3afc3b7b6be7fb80949cce1418b6d8c154a2ef26395fb"}
{"block_number": 100, "miner_hash": "0x1A60B5AE3Fd7e4446af857207b236c425aeeB6d4", "block_hash": "0x73e38370125ee0e0eacf522aafa1f8f25d3ffa43c48d2b008d8440264c078977", "block_time": 1702742853, "block_parent": "0x82b9a60f3e43939472eae4b4ab8b6ab23200194bbe2e6922789f2eb3cfb3a7b1"}
{"block_number": 101, "miner_hash": "0x2A517e745A7EEAf2dfeD3AF084E2662Be52bB3Fc", "block_hash": "0x8b52f35060795eea501a8c1f2afd8a55452299851d08fbfae372d4df5ec3fb57", "block_time": 1702742860, "block_parent": "0x73e38370125ee0e0eacf522aafa1f8f25d3ffa43c48d2b008d8440264c078977"}
{"block_number": 102, "miner_hash": "0x2A517e745A7EEAf2dfeD3AF084E2662Be52bB3Fc", "block_hash": "0x056511807979a4b8e1b00ab47ccfa05e228201230ca9c72446228df8315fb5e0", "block_time": 1702742862, "block_parent": "0x8b52f35060795eea501a8c1f2afd8a55452299851d08fbfae372d4df5ec3fb57"}
{"block_number": 103, "miner_hash": "0x1A60B5AE3Fd7e4446af857207b236c425aeeB6d4", "block_hash": "0x42cd117d4dcd93409dde83808c436c1b5d51467bf66e27b53692d8213b329d7c", "block_time": 1702742865, "block_parent": "0x056511807979a4b8e1b00ab47ccfa05e228201230ca9c72446228df8315fb5e0"}
{"block_number": 104, "miner_hash": "0x5fFb270bb3EA50e972e1B43A82c76D3c5C76F105", "block_hash": "0x7400b53d0673e7c4783a9c277bec8c1345ba3e7dbbb1e8366a7dd4e41491c714", "block_time": 1702742866, "block_parent": "0x42cd117d4dcd93409dde83808c436c1b5d51467bf66e27b53692d8213b329d7c"}
{"block_number": 105, "miner_hash": "0x1A60B5AE3Fd7e4446af857207b236c425aeeB6d4", "block_hash": "0x14858a2954f13b3d1283176e4ae2ac2186c44f8722ddfefb618d14fbb8971947", "block_time": 1702742867, "block_parent": "0x7400b53d0673e7c4783a9c277bec8c1345ba3e7dbbb1e8366a7dd4e41491c714"}
{"block_number": 106, "miner_hash": "0x5fFb270bb3EA50e972e1B43A82c76D3c5C76F105", "block_hash": "0xa0f5ae88c8c8352372adb65049cbc5e97e2549a2866a203e9326cc1d09260431", "block_time": 1702742868, "block_parent": "0x14858a2954f13b3d1283176e4ae2ac2186c44f8722ddfefb618d14fbb8971947"}
{"block_number": 107, "miner_hash": "0x5fFb270bb3EA50e972e1B43A82c76D3c5C76F105", "block_hash": "0x2fa22d0497d58d92d5a84661dda462db5b9a05a0b9388ceb563dd526c1a51ed7", "block_time": 1702742869, "block_parent": "0xa0f5ae88c8c8352372adb65049cbc5e97e2549a2866a203e9326cc1d09260431"}
{"block_number": 108, "miner_hash": "0x5fFb270bb3EA50e972e1B43A82c76D3c5C76F105", "block_hash": "0x6d8f3aa9d274d6d6c31f577394bcd41836d8e6b5f1190097b1cefa2ee3ead41a", "block_time": 1702742883, "block_parent": "0x2fa22d0497d58d92d5a84661dda462db5b9a05a0b9388ceb563dd526c1a51ed7"}
{"block_number": 109, "miner_hash": "0x2A517e745A7EEAf2dfeD3AF084E2662Be52bB3Fc", "block_hash": "0xc01377a5b6a1d57319f579dbca358b1b2ed14197f7bcc924656d14aa0906a0d6", "block_time": 1702742889, "block_parent": "0x6d8f3aa9d274d6d6c31f577394bcd41836d8e6b5f1190097b1cefa2ee3ead41a"}
{"block_number": 110, "miner_hash": "0xc27D4D5098e25Da45eB00121404535a3F08a9296", "block_hash": "0x2a0b686d6f3e800add9bb916d740cecd3377cc23f793514666d14c29b7eb8e0c", "block_time": 1702742868, "block_parent": "0xe715ce91b15a70f413a0cfdca800596b5ba33821aa804cea99878e517a23c89c"}
{"block_number": 118, "miner_hash": "0x5fFb270bb3EA50e972e1B43A82c76D3c5C76F105", "block_hash": "0x90b7080bbb424349beb0db0bc033149b4a8abecfa4b645dbd088b8e29ff0c00f", "block_time": 1702742890, "block_parent": "0x8eb8d8279fb018ae9b32282b9d48c06905c55097f164e1ffc0597008531b567e"}
{"block_number": 119, "miner_hash": "0x5fFb270bb3EA50e972e1B43A82c76D3c5C76F105", "block_hash": "0xdf33442b66010ae861362ad6e2e059d06e8f17ef0b125139aef3de89805eabc5", "block_time": 1702742891, "block_parent": "0x90b7080bbb424349beb0db0bc033149b4a8abecfa4b645dbd088b8e29ff0c00f"}
{"block_number": 120, "miner_hash": "0x2A517e745A7EEAf2dfeD3AF084E2662Be52bB3Fc", "block_hash": "0x879c182a2620e078f99d5afbb7e50877fbc62275b82821eec324dd47927761b6", "block_time": 1702742896, "block_parent": "0xdf33442b66010ae861362ad6e2e059d06e8f17ef0b125139aef3de89805eabc5"}
{"block_number": 121, "miner_hash": "0x5fFb270bb3EA50e972e1B43A82c76D3c5C76F105", "block_hash": "0xc01cfb2d5fde516df50533add7e94672cd633234bf9eafc98165f239c98407ad", "block_time": 1702742898, "block_parent": "0x879c182a2620e078f99d5afbb7e50877fbc62275b82821eec324dd47927761b6"}
{"block_number": 122, "miner_hash": "0x2A517e745A7EEAf2dfeD3AF084E2662Be52bB3Fc", "block_hash": "0xcac9f84b59911afabc9aacfdf6db78b2beec1386c4536a2feed2a484b442b31f", "block_time": 1702742899, "block_parent": "0xc01cfb2d5fde516df50533add7e94672cd633234bf9eafc98165f239c98407ad"}
{"block_number": 123, "miner_hash": "0x5fFb270bb3EA50e972e1B43A82c76D3c5C76F105", "block_hash": "0x11a47928942002e47801b6267f4309e7c5327079f04810504d69722010b4b935", "block_time": 1702742901, "block_parent": "0xcac9f84b59911afabc9aacfdf6db78b2beec1386c4536a2feed2a484b442b31f"}
{"block_number": 124, "miner_hash": "0x2A517e745A7EEAf2dfeD3AF084E2662Be52bB3Fc", "block_hash": "0xe7ab01936643a2d24cda84b3e0b3251b6ea3b1739d32d20718c4de8eff628980", "block_time": 1702742902, "block_parent": "0x11a47928942002e47801b6267f4309e7c5327079f04810504d69722010b4b935"}
{"block_number": 125, "miner_hash": "0x1A60B5AE3Fd7e4446af857207b236c425aeeB6d4", "block_hash": "0x5d12d9ab5c8062f5f16ed30225a863d94a452f987d341e509fc27628451b902a", "block_time": 1702742903, "block_parent": "0xe7ab01936643a2d24cda84b3e0b3251b6ea3b1739d32d20718c4de8eff628980"}
{"block_number": 126, "miner_hash": "0x1A60B5AE3Fd7e4446af857207b236c425aeeB6d4", "block_hash": "0x6ea0469f530664f4dbbf049e60308c8bba128e4d8648a8b4e84025d58ba8df25", "block_time": 1702742906, "block_parent": "0x5d12d9ab5c8062f5f16ed30225a863d94a452f987d341e509fc27628451b902a"}
{"block_number": 127, "miner_hash": "0x1A60B5AE3Fd7e4446af857207b236c425aeeB6d4", "block_hash": "0x81fb21745837691a17b38b86492d268c514cf30b06cc8a34d2d26113ae69b31f", "block_time": 1702742907, "block_parent": "0x6ea0469f530664f4dbbf049e60308c8bba128e4d8648a8b4e84025d58ba8df25"}
{"block_number": 129, "miner_hash": "0xc27D4D5098e25Da45eB00121404535a3F08a9296", "block_hash": "0xc5cdc8f671cd8ea559f3c58635c1b4283bdee44ea91da0b53e3dc2d132b623c2", "block_time": 1702742894, "block_parent": "0xe3aa1a571dff0d94724778599bdff2f1b2809d9dfcdfa773e0cd4ab90333235c"}
{"block_number": 151, "miner_hash": "0x9d35bD38BbDceC62a798cC1cdBAa33398632B806", "block_hash": "0x461cf2ac505d2894015619dd843ec2a820bd31764b0bbda9391120933c2e2ce3", "block_time": 1702742923, "block_parent": "0xd3fa980a31ff330b647d78e95c530f3f6007dc685584ba80c7da0d885b742cbf"}
{"block_number": 152, "miner_hash": "0x1A60B5AE3Fd7e4446af857207b236c425aeeB6d4", "block_hash": "0xbc48af490a3014eb1548897495e48e036f0ebafacb749f60dc2bdcd3e60fe4c4", "block_time": 1702742924, "block_parent": "0x461cf2ac505d2894015619dd843ec2a820bd31764b0bbda9391120933c2e2ce3"}
{"block_number": 153, "miner_hash": "0x5fFb270bb3EA50e972e1B43A82c76D3c5C76F105", "block_hash": "0x069d300cf4e983e12646f255367799c5d62028dacafbfd834c3287ec8d1da37a", "block_time": 1702742925, "block_parent": "0xbc48af490a3014eb1548897495e48e036f0ebafacb749f60dc2bdcd3e60fe4c4"}
{"block_number": 153, "miner_hash": "0x1A60B5AE3Fd7e4446af857207b236c425aeeB6d4", "block_hash": "0xf2525d7969eccbe464c438b816f2e177448a2eec0f08231d282d7df5d4c35656", "block_time": 1702742925, "block_parent": "0xbc48af490a3014eb1548897495e48e036f0ebafacb749f60dc2bdcd3e60fe4c4"}
{"block_number": 154, "miner_hash": "0x73cd765d85038c274439eeb6Ca182558ef1107ee", "block_hash": "0x15ba83bfc100336236dbf5e67640626806fb4287a4517866a8300eeece79acf1", "block_time": 1702742926, "block_parent": "0xf2525d7969eccbe464c438b816f2e177448a2eec0f08231d282d7df5d4c35656"}
{"block_number": 155, "miner_hash": "0x73cd765d85038c274439eeb6Ca182558ef1107ee", "block_hash": "0xb067493e10ef9a7704d4cb050cdb9dca1523cf857883b6905b8a97a4fbcb89a4", "block_time": 1702742927, "block_parent": "0x15ba83bfc100336236dbf5e67640626806fb4287a4517866a8300eeece79acf1"}
{"block_number": 156, "miner_hash": "0x2A517e745A7EEAf2dfeD3AF084E2662Be52bB3Fc", "block_hash": "0xbcd3bd7068595913abda44971af2685ebab474ee6a7c90b76c410f3a60373f36", "block_time": 1702742928, "block_parent": "0xb067493e10ef9a7704d4cb050cdb9dca1523cf857883b6905b8a97a4fbcb89a4"}
{"block_number": 157, "miner_hash": "0x2A517e745A7EEAf2dfeD3AF084E2662Be52bB3Fc", "block_hash": "0x3f017ae5127cd043628fe68a7066110e601476152d900c18d23c529ce56256d0", "block_time": 1702742929, "block_parent": "0xbcd3bd7068595913abda44971af2685ebab474ee6a7c90b76c410f3a60373f36"}
{"block_number": 159, "miner_hash": "0x5fFb270bb3EA50e972e1B43A82c76D3c5C76F105", "block_hash": "0xaa8004de2098d07afe7f88423714a89b946ddbeb9fca477169662e7223284cd1", "block_time": 1702742934, "block_parent": "0xf0a0f15281cdc6632b40b46e5f8f8c62b423c61b73ac9135543a54385be480e6"}
{"block_number": 159, "miner_hash": "0x5fFb270bb3EA50e972e1B43A82c76D3c5C76F105", "block_hash": "0xaa8004de2098d07afe7f88423714a89b946ddbeb9fca477169662e7223284cd1", "block_time": 1702742934, "block_parent": "0xf0a0f15281cdc6632b40b46e5f8f8c62b423c61b73ac9135543a54385be480e6"}
{"block_number": 159, "miner_hash": "0x8cE4723236F1C309EAFD7a85f2b7D53ff5d6BFe2", "block_hash": "0x31ce2c5c24784bfc0de9aa4a2e8fa9ab6bfbf05057ca8eda3c9e5df3c52a4e62", "block_time": 1702742934, "block_parent": "0xf0a0f15281cdc6632b40b46e5f8f8c62b423c61b73ac9135543a54385be480e6"}
{"block_number": 160, "miner_hash": "0x1A60B5AE3Fd7e4446af857207b236c425aeeB6d4", "block_hash": "0x8fd9e6a84915ec1b239b557efa99009659db6be08c6da90e291cff05f65b05a9", "block_time": 1702742935, "block_parent": "0xaa8004de2098d07afe7f88423714a89b946ddbeb9fca477169662e7223284cd1"}
{"block_number": 161, "miner_hash": "0x1A60B5AE3Fd7e4446af857207b236c425aeeB6d4", "block_hash": "0xfce1c4d4b8054311f944ec20a64252b2d1b33d463c0cf1c5255a517367540268", "block_time": 1702742936, "block_parent": "0x8fd9e6a84915ec1b239b557efa99009659db6be08c6da90e291cff05f65b05a9"}
{"block_number": 161, "miner_hash": "0x9d35bD38BbDceC62a798cC1cdBAa33398632B806", "block_hash": "0x21d662595d058ff67a5e0583696151bcfac6e1101101b2aaf7e26458acddc49c", "block_time": 1702742936, "block_parent": "0x8fd9e6a84915ec1b239b557efa99009659db6be08c6da90e291cff05f65b05a9"}
{"block_number": 162, "miner_hash": "0x1A60B5AE3Fd7e4446af857207b236c425aeeB6d4", "block_hash": "0xdc3bb4a60e414e689c82aa28ad09d8268272c72fa3ace77b7b678d182be2b448", "block_time": 1702742937, "block_parent": "0xfce1c4d4b8054311f944ec20a64252b2d1b33d463c0cf1c5255a517367540268"}
{"block_number": 162, "miner_hash": "0x8cE4723236F1C309EAFD7a85f2b7D53ff5d6BFe2", "block_hash": "0xc7ca6644cccf70cf076181433ae4b3c8c5f01bf18cfd4e99d8ce50e76dca2030", "block_time": 1702742937, "block_parent": "0x21d662595d058ff67a5e0583696151bcfac6e1101101b2aaf7e26458acddc49c"}
{"block_number": 163, "miner_hash": "0x2A517e745A7EEAf2dfeD3AF084E2662Be52bB3Fc", "block_hash": "0x37c516250f39920bd1e8cff61cbee4ec49e2abf9f3f710581d98f61382b12712", "block_time": 1702742938, "block_parent": "0xc7ca6644cccf70cf076181433ae4b3c8c5f01bf18cfd4e99d8ce50e76dca2030"}
{"block_number": 164, "miner_hash": "0x1A60B5AE3Fd7e4446af857207b236c425aeeB6d4", "block_hash": "0xf7d6daa1083dc0d3bb97152cf79d1f8f900ac458ec4c5ca901a208d5b01307d9", "block_time": 1702742941, "block_parent": "0x37c516250f39920bd1e8cff61cbee4ec49e2abf9f3f710581d98f61382b12712"}
{"block_number": 165, "miner_hash": "0x73cd765d85038c274439eeb6Ca182558ef1107ee", "block_hash": "0x7f6bd1dfa6164dcf14e4c9a5801db50a3c375fed08dec7aaf15b4fc75bc4387e", "block_time": 1702742942, "block_parent": "0xf7d6daa1083dc0d3bb97152cf79d1f8f900ac458ec4c5ca901a208d5b01307d9"}
{"block_number": 166, "miner_hash": "0x1A60B5AE3Fd7e4446af857207b236c425aeeB6d4", "block_hash": "0xb75f79102bfc9cdf01dc6a3980e4628b0a429d91f7e0a377b1641ab30a06cf67", "block_time": 1702742943, "block_parent": "0x7f6bd1dfa6164dcf14e4c9a5801db50a3c375fed08dec7aaf15b4fc75bc4387e"}
{"block_number": 167, "miner_hash": "0x73cd765d85038c274439eeb6Ca182558ef1107ee", "block_hash": "0xcf46be250ed8e85f31b2708d14fec416c7f664b35591924c304b8b2e0c716040", "block_time": 1702742945, "block_parent": "0xb75f79102bfc9cdf01dc6a3980e4628b0a429d91f7e0a377b1641ab30a06cf67"}
{"block_number": 168, "miner_hash": "0x1A60B5AE3Fd7e4446af857207b236c425aeeB6d4", "block_hash": "0xdca78ecccd4264f99c213b70a3a053565eee70ff1cd2621a7af3237875ca4f29", "block_time": 1702742946, "block_parent": "0xcf46be250ed8e85f31b2708d14fec416c7f664b35591924c304b8b2e0c716040"}
{"block_number": 168, "miner_hash": "0x8cE4723236F1C309EAFD7a85f2b7D53ff5d6BFe2", "block_hash": "0x334a84a1f9ef7deab55655f0d4cedba7bdf598b2086a52ab9a6a227b37c97194", "block_time": 1702742947, "block_parent": "0xcf46be250ed8e85f31b2708d14fec416c7f664b35591924c304b8b2e0c716040"}
{"block_number": 169, "miner_hash": "0xc27D4D5098e25Da45eB00121404535a3F08a9296", "block_hash": "0x793d2d5047a1d4a4cdfae7eed64376cc5918c8fca44cfa943ad7e82975f2d9d6", "block_time": 1702742950, "block_parent": "0xdca78ecccd4264f99c213b70a3a053565eee70ff1cd2621a7af3237875ca4f29"}
{"block_number": 170, "miner_hash": "0x73cd765d85038c274439eeb6Ca182558ef1107ee", "block_hash": "0xf9da7769cfdd00a3b137d9c012a3b1b795fcbc438d711418c0068f1e3be23e59", "block_time": 1702742951, "block_parent": "0x793d2d5047a1d4a4cdfae7eed64376cc5918c8fca44cfa943ad7e82975f2d9d6"}
{"block_number": 171, "miner_hash": "0xc27D4D5098e25Da45eB00121404535a3F08a9296", "block_hash": "0x6b2230283267a3a358bc4fb7a0fbae38009f1279b821f8e5e536e6b8c313a21d", "block_time": 1702742952, "block_parent": "0xf9da7769cfdd00a3b137d9c012a3b1b795fcbc438d711418c0068f1e3be23e59"}
{"block_number": 172, "miner_hash": "0x8cE4723236F1C309EAFD7a85f2b7D53ff5d6BFe2", "block_hash": "0x30b75cb97158e70db4209afe8b56595375cc4ac4abafa47a0fb22ed68ec7a937", "block_time": 1702742953, "block_parent": "0x6b2230283267a3a358bc4fb7a0fbae38009f1279b821f8e5e536e6b8c313a21d"}
{"block_number": 173, "miner_hash": "0x2A517e745A7EEAf2dfeD3AF084E2662Be52bB3Fc", "block_hash": "0x1153c776bdc866a8d37aa3a429831ed1d09f7fd5542be861beb2fa1c8c7aebd1", "block_time": 1702742954, "block_parent": "0x30b75cb97158e70db4209afe8b56595375cc4ac4abafa47a0fb22ed68ec7a937"}
{"block_number": 174, "miner_hash": "0x2A517e745A7EEAf2dfeD3AF084E2662Be52bB3Fc", "block_hash": "0x85b981ea0a21e4a2636b7997a6c6b12c7916f545ee5187ce70ee36ba6d605212", "block_time": 1702742955, "block_parent": "0x1153c776bdc866a8d37aa3a429831ed1d09f7fd5542be861beb2fa1c8c7aebd1"}
{"block_number": 175, "miner_hash": "0x2A517e745A7EEAf2dfeD3AF084E2662Be52bB3Fc", "block_hash": "0xbd736443eece9f67eff7f5c0f0afc9e073a7b231b250c73c3935e4a5774aa07c", "block_time": 1702742956, "block_parent": "0x85b981ea0a21e4a2636b7997a6c6b12c7916f545ee5187ce70ee36ba6d605212"}
{"block_number": 176, "miner_hash": "0x1A60B5AE3Fd7e4446af857207b236c425aeeB6d4", "block_hash": "0x20a995192f40fc20530465de7ddd92ed97f846dfad3238aacdb0739be65ad60c", "block_time": 1702742957, "block_parent": "0xbd736443eece9f67eff7f5c0f0afc9e073a7b231b250c73c3935e4a5774aa07c"}
{"block_number": 177, "miner_hash": "0x1A60B5AE3Fd7e4446af857207b236c425aeeB6d4", "block_hash": "0x3e70c6fbc1a3172a336bb6b563a7bd877e9fac4178ab89e730756553fde7165c", "block_time": 1702742958, "block_parent": "0x20a995192f40fc20530465de7ddd92ed97f846dfad3238aacdb0739be65ad60c"}
{"block_number": 177, "miner_hash": "0x73cd765d85038c274439eeb6Ca182558ef1107ee", "block_hash": "0xe464e095ff945f3f47a57d66d587f03fd7c946b8e423b07a110fd8dae3d80e43", "block_time": 1702742958, "block_parent": "0x20a995192f40fc20530465de7ddd92ed97f846dfad3238aacdb0739be65ad60c"}
{"block_number": 178, "miner_hash": "0x73cd765d85038c274439eeb6Ca182558ef1107ee", "block_hash": "0xb8ebeba0a3042722b95ae17bbf3a9fb6df1f0527781b34ba4236efd65d250bff", "block_time": 1702742962, "block_parent": "0xe464e095ff945f3f47a57d66d587f03fd7c946b8e423b07a110fd8dae3d80e43"}
{"block_number": 179, "miner_hash": "0x5fFb270bb3EA50e972e1B43A82c76D3c5C76F105", "block_hash": "0x3b89d8715e42057ba3db610e0260c92ea56cdda4d307ed8a85b679d830b89f59", "block_time": 1702742963, "block_parent": "0xb8ebeba0a3042722b95ae17bbf3a9fb6df1f0527781b34ba4236efd65d250bff"}
{"block_number": 179, "miner_hash": "0x9d35bD38BbDceC62a798cC1cdBAa33398632B806", "block_hash": "0xe6afb4ea3a4a1283f57203b71c965c68eb87c47b2df612cc47a774306fcb4d86", "block_time": 1702742964, "block_parent": "0xf942eae71756d11a1965ec1b58e8994c571c87e0968870756086ed286a63c7d6"}
{"block_number": 179, "miner_hash": "0x8cE4723236F1C309EAFD7a85f2b7D53ff5d6BFe2", "block_hash": "0xbb6236d8c2dcad3b5377fab0c7105ab22ad5be44904089941091cd9e63c4d6d0", "block_time": 1702742963, "block_parent": "0xf942eae71756d11a1965ec1b58e8994c571c87e0968870756086ed286a63c7d6"}
{"block_number": 180, "miner_hash": "0x73cd765d85038c274439eeb6Ca182558ef1107ee", "block_hash": "0x2593e063a1ee5a3c1ec171af51d5623a5031819b5cfd231d7914532d9539b764", "block_time": 1702742965, "block_parent": "0x3b89d8715e42057ba3db610e0260c92ea56cdda4d307ed8a85b679d830b89f59"}
{"block_number": 181, "miner_hash": "0x2A517e745A7EEAf2dfeD3AF084E2662Be52bB3Fc", "block_hash": "0xa39c33b9a7f8028d0b515946c7f2be4360d751866db17fd32641b3229455aa09", "block_time": 1702742967, "block_parent": "0x2593e063a1ee5a3c1ec171af51d5623a5031819b5cfd231d7914532d9539b764"}
{"block_number": 182, "miner_hash": "0x1A60B5AE3Fd7e4446af857207b236c425aeeB6d4", "block_hash": "0x0c649c3203e426dec2eda50b3667e446456c05cc4caa5349dcc8b8dfe2bb4872", "block_time": 1702742968, "block_parent": "0xa9a3b40a2c20d1c74a63b943afb940781d92cfbda4c526e5e4b75352caea8f33"}
{"block_number": 183, "miner_hash": "0x1A60B5AE3Fd7e4446af857207b236c425aeeB6d4", "block_hash": "0x1d2ae121f58b12ca03d4f218d3743e9d69783071d556e9ddff7ffae9ccffb2de", "block_time": 1702742969, "block_parent": "0x0c649c3203e426dec2eda50b3667e446456c05cc4caa5349dcc8b8dfe2bb4872"}
{"block_number": 184, "miner_hash": "0x5fFb270bb3EA50e972e1B43A82c76D3c5C76F105", "block_hash": "0x08b9e84fd7e7cb563cda579db3bc809d8876ca6af38169ce72a16b86a217d17f", "block_time": 1702742972, "block_parent": "0x1d2ae121f58b12ca03d4f218d3743e9d69783071d556e9ddff7ffae9ccffb2de"}
{"block_number": 185, "miner_hash": "0x1A60B5AE3Fd7e4446af857207b236c425aeeB6d4", "block_hash": "0x43bf61d6c33650a5ad491b27eef1cd2157d535d813c00d3d1985950ef2b63eed", "block_time": 1702742973, "block_parent": "0x08b9e84fd7e7cb563cda579db3bc809d8876ca6af38169ce72a16b86a217d17f"}
{"block_number": 186, "miner_hash": "0x2A517e745A7EEAf2dfeD3AF084E2662Be52bB3Fc", "block_hash": "0x328a3c26043e2f3564a97691e32875d7e887d0f7e9551e97a4628749d8aeba25", "block_time": 1702742974, "block_parent": "0x43bf61d6c33650a5ad491b27eef1cd2157d535d813c00d3d1985950ef2b63eed"}
{"block_number": 188, "miner_hash": "0xc27D4D5098e25Da45eB00121404535a3F08a9296", "block_hash": "0xf0acb1b29ef396fbf74ce361f2f19326e65ae89171e351f009ffa548a6932213", "block_time": 1702742978, "block_parent": "0xfbc9544cc196be5591a4053ff021330468bd50262dddf170a5df148381e25876"}
{"block_number": 189, "miner_hash": "0xc27D4D5098e25Da45eB00121404535a3F08a9296", "block_hash": "0x4c766e5613635cdfcbefa1c23fe7d4aae0d9caedcab580b924d6020e1352c908", "block_time": 1702742979, "block_parent": "0xf0acb1b29ef396fbf74ce361f2f19326e65ae89171e351f009ffa548a6932213"}
{"block_number": 190, "miner_hash": "0xc27D4D5098e25Da45eB00121404535a3F08a9296", "block_hash": "0xcaa97d9ad101e5e577d3797c93d51f5a95e19800cb914c0190d0061318808f03", "block_time": 1702742980, "block_parent": "0x4c766e5613635cdfcbefa1c23fe7d4aae0d9caedcab580b924d6020e1352c908"}
{"block_number": 191, "miner_hash": "0x2A517e745A7EEAf2dfeD3AF084E2662Be52bB3Fc", "block_hash": "0x9532e5ea049010f615e1aa535b0c3a857b586194438d90d7de2f65ec3198dff9", "block_time": 1702742981, "block_parent": "0xcaa97d9ad101e5e577d3797c93d51f5a95e19800cb914c0190d0061318808f03"}
{"block_number": 192, "miner_hash": "0x2A517e745A7EEAf2dfeD3AF084E2662Be52bB3Fc", "block_hash": "0xc932b468b0a3f3241a427ce60b927309a5f95e523c909eb9164a82c3a4258729", "block_time": 1702742982, "block_parent": "0x9532e5ea049010f615e1aa535b0c3a857b586194438d90d7de2f65ec3198dff9"}
{"block_number": 193, "miner_hash": "0x8cE4723236F1C309EAFD7a85f2b7D53ff5d6BFe2", "block_hash": "0xdbdfab405d738cae643cd83d876f68d53953795f7a36141ebcdc3626ce599db0", "block_time": 1702742983, "block_parent": "0xc932b468b0a3f3241a427ce60b927309a5f95e523c909eb9164a82c3a4258729"}
{"block_number": 194, "miner_hash": "0x5fFb270bb3EA50e972e1B43A82c76D3c5C76F105", "block_hash": "0x855d719607d2f0d7a448a0c7e01b8227ff39fcd651fdc6aef9be145fba3160e9", "block_time": 1702742984, "block_parent": "0xdbdfab405d738cae643cd83d876f68d53953795f7a36141ebcdc3626ce599db0"}
{"block_number": 194, "miner_hash": "0x1A60B5AE3Fd7e4446af857207b236c425aeeB6d4", "block_hash": "0x7317b81f43b1853972ad3a6d7c5d4bba5bf365cac0611a0019d8ba91a62b77c7", "block_time": 1702742984, "block_parent": "0xdbdfab405d738cae643cd83d876f68d53953795f7a36141ebcdc3626ce599db0"}
{"block_number": 195, "miner_hash": "0x2A517e745A7EEAf2dfeD3AF084E2662Be52bB3Fc", "block_hash": "0xa88b67bf137f83cb906c2208939b0086a5fe8304e7f463a0900761343c7e8b81", "block_time": 1702742985, "block_parent": "0x7317b81f43b1853972ad3a6d7c5d4bba5bf365cac0611a0019d8ba91a62b77c7"}
{"block_number": 196, "miner_hash": "0x5fFb270bb3EA50e972e1B43A82c76D3c5C76F105", "block_hash": "0x04fcf237c66950868f5c5e529a39ff76e068a3c3f184cea64f5c8c91f960ec26", "block_time": 1702742986, "block_parent": "0xa88b67bf137f83cb906c2208939b0086a5fe8304e7f463a0900761343c7e8b81"}
{"block_number": 197, "miner_hash": "0x2A517e745A7EEAf2dfeD3AF084E2662Be52bB3Fc", "block_hash": "0x88f5318b268c8719e26c24c5c419c0ce7a64d265206e548939c64b587f4ec6fc", "block_time": 1702742988, "block_parent": "0x04fcf237c66950868f5c5e529a39ff76e068a3c3f184cea64f5c8c91f960ec26"}
{"block_number": 198, "miner_hash": "0x1A60B5AE3Fd7e4446af857207b236c425aeeB6d4", "block_hash": "0x3ecd798def4c638400fbec32b8a8f9eff94a165eea99c3285b44398b002a9d79", "block_time": 1702742989, "block_parent": "0x88f5318b268c8719e26c24c5c419c0ce7a64d265206e548939c64b587f4ec6fc"}
{"block_number": 199, "miner_hash": "0x2A517e745A7EEAf2dfeD3AF084E2662Be52bB3Fc", "block_hash": "0xccf4f0b12d5fa46ebac1c4d028eb2532bfa22bc56e624b160538b3c05a74b1a5", "block_time": 1702742993, "block_parent": "0x3ecd798def4c638400fbec32b8a8f9eff94a165eea99c3285b44398b002a9d79"}
{"block_number": 200, "miner_hash": "0x2A517e745A7EEAf2dfeD3AF084E2662Be52bB3Fc", "block_hash": "0x1d201b20f11b868d9bd6b01944f7e732715eaced1631612b61b2f76825f79834", "block_time": 1702743000, "block_parent": "0xccf4f0b12d5fa46ebac1c4d028eb2532bfa22bc56e624b160538b3c05a74b1a5"}
